[debug] [2024-02-05T10:32:26.715Z] ----------------------------------------------------------------------
[debug] [2024-02-05T10:32:26.716Z] Command:       C:\Program Files\nodejs\node.exe C:\Users\Musoukaze\AppData\Roaming\npm\node_modules\firebase-tools\lib\bin\firebase.js init
[debug] [2024-02-05T10:32:26.716Z] CLI Version:   13.1.0
[debug] [2024-02-05T10:32:26.717Z] Platform:      win32
[debug] [2024-02-05T10:32:26.717Z] Node Version:  v20.10.0
[debug] [2024-02-05T10:32:26.717Z] Time:          Mon Feb 05 2024 17:32:26 GMT+0700 (เวลาอินโดจีน)
[debug] [2024-02-05T10:32:26.717Z] ----------------------------------------------------------------------
[debug] 
[debug] [2024-02-05T10:32:26.721Z] > command requires scopes: ["email","openid","https://www.googleapis.com/auth/cloudplatformprojects.readonly","https://www.googleapis.com/auth/firebase","https://www.googleapis.com/auth/cloud-platform"]
[debug] [2024-02-05T10:32:26.721Z] > authorizing via signed-in user (64070217@it.kmitl.ac.th)
[info] 
     ######## #### ########  ######## ########     ###     ######  ########
     ##        ##  ##     ## ##       ##     ##  ##   ##  ##       ##
     ######    ##  ########  ######   ########  #########  ######  ######
     ##        ##  ##    ##  ##       ##     ## ##     ##       ## ##
     ##       #### ##     ## ######## ########  ##     ##  ######  ########

You're about to initialize a Firebase project in this directory:

  D:\tictactalk

[info] 
=== Project Setup
[info] 
[info] First, let's associate this project directory with a Firebase project.
[info] You can create multiple project aliases by running firebase use --add, 
[info] but for now we'll just set up a default project.
[info] 
[debug] [2024-02-05T10:33:21.163Z] > refreshing access token with scopes: []
[debug] [2024-02-05T10:33:21.164Z] >>> [apiv2][query] POST https://www.googleapis.com/oauth2/v3/token [none]
[debug] [2024-02-05T10:33:21.164Z] >>> [apiv2][body] POST https://www.googleapis.com/oauth2/v3/token [omitted]
[debug] [2024-02-05T10:33:21.368Z] <<< [apiv2][status] POST https://www.googleapis.com/oauth2/v3/token 200
[debug] [2024-02-05T10:33:21.369Z] <<< [apiv2][body] POST https://www.googleapis.com/oauth2/v3/token [omitted]
[debug] [2024-02-05T10:33:21.373Z] >>> [apiv2][query] GET https://firebase.googleapis.com/v1beta1/projects pageSize=100
[debug] [2024-02-05T10:33:21.890Z] <<< [apiv2][status] GET https://firebase.googleapis.com/v1beta1/projects 200
[debug] [2024-02-05T10:33:21.890Z] <<< [apiv2][body] GET https://firebase.googleapis.com/v1beta1/projects [omitted]
[info] i  Using project tictactalk (TicTacTalk) 
[info] 
=== Firestore Setup
[debug] [2024-02-05T10:33:24.491Z] >>> [apiv2][query] GET https://serviceusage.googleapis.com/v1/projects/tictactalk/services/firestore.googleapis.com [none]
[debug] [2024-02-05T10:33:24.491Z] >>> [apiv2][(partial)header] GET https://serviceusage.googleapis.com/v1/projects/tictactalk/services/firestore.googleapis.com x-goog-quota-user=projects/tictactalk
[debug] [2024-02-05T10:33:26.003Z] <<< [apiv2][status] GET https://serviceusage.googleapis.com/v1/projects/tictactalk/services/firestore.googleapis.com 200
[debug] [2024-02-05T10:33:26.003Z] <<< [apiv2][body] GET https://serviceusage.googleapis.com/v1/projects/tictactalk/services/firestore.googleapis.com [omitted]
[debug] [2024-02-05T10:33:26.004Z] >>> [apiv2][query] GET https://firestore.googleapis.com/v1/projects/tictactalk/databases/(default) [none]
[debug] [2024-02-05T10:33:26.197Z] <<< [apiv2][status] GET https://firestore.googleapis.com/v1/projects/tictactalk/databases/(default) 200
[debug] [2024-02-05T10:33:26.198Z] <<< [apiv2][body] GET https://firestore.googleapis.com/v1/projects/tictactalk/databases/(default) {"name":"projects/tictactalk/databases/(default)","uid":"23b2608b-7492-4a94-85b2-e6141fdbe358","createTime":"2024-01-03T09:39:45.844738Z","updateTime":"2024-01-03T09:39:45.844738Z","locationId":"asia-southeast1","type":"FIRESTORE_NATIVE","concurrencyMode":"PESSIMISTIC","versionRetentionPeriod":"3600s","earliestVersionTime":"2024-02-05T09:33:26.403873Z","appEngineIntegrationMode":"DISABLED","keyPrefix":"zas","pointInTimeRecoveryEnablement":"POINT_IN_TIME_RECOVERY_DISABLED","deleteProtectionState":"DELETE_PROTECTION_DISABLED","etag":"IMjiu+//k4QDMOGKuamMwYMD"}
[debug] [2024-02-05T10:33:26.198Z] database_type: FIRESTORE_NATIVE
[debug] [2024-02-05T10:33:26.198Z] > command requires scopes: ["email","openid","https://www.googleapis.com/auth/cloudplatformprojects.readonly","https://www.googleapis.com/auth/firebase","https://www.googleapis.com/auth/cloud-platform"]
[debug] [2024-02-05T10:33:26.198Z] > authorizing via signed-in user (64070217@it.kmitl.ac.th)
[debug] [2024-02-05T10:33:26.198Z] [iam] checking project tictactalk for permissions ["firebase.projects.get"]
[debug] [2024-02-05T10:33:26.198Z] >>> [apiv2][query] POST https://cloudresourcemanager.googleapis.com/v1/projects/tictactalk:testIamPermissions [none]
[debug] [2024-02-05T10:33:26.198Z] >>> [apiv2][(partial)header] POST https://cloudresourcemanager.googleapis.com/v1/projects/tictactalk:testIamPermissions x-goog-quota-user=projects/tictactalk
[debug] [2024-02-05T10:33:26.198Z] >>> [apiv2][body] POST https://cloudresourcemanager.googleapis.com/v1/projects/tictactalk:testIamPermissions {"permissions":["firebase.projects.get"]}
[debug] [2024-02-05T10:33:27.356Z] <<< [apiv2][status] POST https://cloudresourcemanager.googleapis.com/v1/projects/tictactalk:testIamPermissions 200
[debug] [2024-02-05T10:33:27.356Z] <<< [apiv2][body] POST https://cloudresourcemanager.googleapis.com/v1/projects/tictactalk:testIamPermissions {"permissions":["firebase.projects.get"]}
[info] 
[info] Firestore Security Rules allow you to define how and when to allow
[info] requests. You can keep these rules in your project directory
[info] and publish them with firebase deploy.
[info] 
[debug] [2024-02-05T10:33:32.609Z] >>> [apiv2][query] GET https://firebaserules.googleapis.com/v1/projects/tictactalk/releases pageSize=10&pageToken=
[debug] [2024-02-05T10:33:34.128Z] <<< [apiv2][status] GET https://firebaserules.googleapis.com/v1/projects/tictactalk/releases 200
[debug] [2024-02-05T10:33:34.128Z] <<< [apiv2][body] GET https://firebaserules.googleapis.com/v1/projects/tictactalk/releases {"releases":[{"name":"projects/tictactalk/releases/cloud.firestore","rulesetName":"projects/tictactalk/rulesets/5088b6fe-bb3e-4e81-be09-9f5ead1901ed","createTime":"2024-01-03T09:39:52.670325Z","updateTime":"2024-01-03T12:05:26.859386Z"}]}
[debug] [2024-02-05T10:33:34.129Z] Found ruleset: projects/tictactalk/rulesets/5088b6fe-bb3e-4e81-be09-9f5ead1901ed
[debug] [2024-02-05T10:33:34.129Z] >>> [apiv2][query] GET https://firebaserules.googleapis.com/v1/projects/tictactalk/rulesets/5088b6fe-bb3e-4e81-be09-9f5ead1901ed [none]
[debug] [2024-02-05T10:33:35.423Z] <<< [apiv2][status] GET https://firebaserules.googleapis.com/v1/projects/tictactalk/rulesets/5088b6fe-bb3e-4e81-be09-9f5ead1901ed 200
[debug] [2024-02-05T10:33:35.423Z] <<< [apiv2][body] GET https://firebaserules.googleapis.com/v1/projects/tictactalk/rulesets/5088b6fe-bb3e-4e81-be09-9f5ead1901ed [omitted]
[info] 
[info] Firestore indexes allow you to perform complex queries while
[info] maintaining performance that scales with the size of the result
[info] set. You can keep index definitions in your project directory
[info] and publish them with firebase deploy.
[info] 
[debug] [2024-02-05T10:33:39.703Z] >>> [apiv2][query] GET https://firestore.googleapis.com/v1/projects/tictactalk/databases/(default)/collectionGroups/-/indexes [none]
[debug] [2024-02-05T10:33:39.705Z] >>> [apiv2][query] GET https://firestore.googleapis.com/v1/projects/tictactalk/databases/(default)/collectionGroups/-/fields?filter=indexConfig.usesAncestorConfig=false OR ttlConfig:* [none]
[debug] [2024-02-05T10:33:39.907Z] <<< [apiv2][status] GET https://firestore.googleapis.com/v1/projects/tictactalk/databases/(default)/collectionGroups/-/indexes 200
[debug] [2024-02-05T10:33:39.908Z] <<< [apiv2][body] GET https://firestore.googleapis.com/v1/projects/tictactalk/databases/(default)/collectionGroups/-/indexes {}
[debug] [2024-02-05T10:33:39.914Z] <<< [apiv2][status] GET https://firestore.googleapis.com/v1/projects/tictactalk/databases/(default)/collectionGroups/-/fields?filter=indexConfig.usesAncestorConfig=false OR ttlConfig:* 200
[debug] [2024-02-05T10:33:39.914Z] <<< [apiv2][body] GET https://firestore.googleapis.com/v1/projects/tictactalk/databases/(default)/collectionGroups/-/fields?filter=indexConfig.usesAncestorConfig=false OR ttlConfig:* {"fields":[{"name":"projects/tictactalk/databases/(default)/collectionGroups/__default__/fields/*","indexConfig":{"indexes":[{"queryScope":"COLLECTION","fields":[{"fieldPath":"*","order":"ASCENDING"}],"state":"READY"},{"queryScope":"COLLECTION","fields":[{"fieldPath":"*","order":"DESCENDING"}],"state":"READY"},{"queryScope":"COLLECTION","fields":[{"fieldPath":"*","arrayConfig":"CONTAINS"}],"state":"READY"}]}}]}
[info] 
=== Hosting Setup
[debug] [2024-02-05T10:33:39.917Z] >>> [apiv2][query] GET https://firebase.googleapis.com/v1beta1/projects/tictactalk [none]
[debug] [2024-02-05T10:33:40.247Z] <<< [apiv2][status] GET https://firebase.googleapis.com/v1beta1/projects/tictactalk 200
[debug] [2024-02-05T10:33:40.247Z] <<< [apiv2][body] GET https://firebase.googleapis.com/v1beta1/projects/tictactalk {"projectId":"tictactalk","projectNumber":"379005474410","displayName":"TicTacTalk","name":"projects/tictactalk","resources":{"hostingSite":"tictactalk","realtimeDatabaseInstance":"tictactalk-default-rtdb"},"state":"ACTIVE","etag":"1_1400a2ee-2b6f-4359-9009-6e2305bfbc9f"}
[info] 
[info] Your public directory is the folder (relative to your project directory) that
[info] will contain Hosting assets to be uploaded with firebase deploy. If you
[info] have a build process for your assets, use your build's output directory.
[info] 
[info] +  Wrote public/404.html 
[debug] [2024-02-05T10:34:05.229Z] >>> [apiv2][query] GET https://www.gstatic.com/firebasejs/releases.json [none]
[debug] [2024-02-05T10:34:05.357Z] <<< [apiv2][status] GET https://www.gstatic.com/firebasejs/releases.json 200
[debug] [2024-02-05T10:34:05.357Z] <<< [apiv2][body] GET https://www.gstatic.com/firebasejs/releases.json {"current":{"version":"10.8.0","browserURL":"https://www.gstatic.com/firebasejs/10.8.0/firebase.js","packageURL":"https://www.gstatic.com/firebasejs/10.8.0/firebase.tgz"},"live":{"version":"10.8","browserURL":"https://www.gstatic.com/firebasejs/live/10.8/firebase.js","packageURL":"https://www.gstatic.com/firebasejs/live/10.8/firebase.tgz"},"components":{"analytics":"https://www.gstatic.com/firebasejs/10.8.0/firebase-analytics.js","app":"https://www.gstatic.com/firebasejs/10.8.0/firebase-app.js","app-check":"https://www.gstatic.com/firebasejs/10.8.0/firebase-app-check.js","auth":"https://www.gstatic.com/firebasejs/10.8.0/firebase-auth.js","auth/cordova":"https://www.gstatic.com/firebasejs/10.8.0/firebase-auth/cordova.js","auth/web-extension":"https://www.gstatic.com/firebasejs/10.8.0/firebase-auth/web-extension.js","functions":"https://www.gstatic.com/firebasejs/10.8.0/firebase-functions.js","firestore":"https://www.gstatic.com/firebasejs/10.8.0/firebase-firestore.js","firestore/lite":"https://www.gstatic.com/firebasejs/10.8.0/firebase-firestore/lite.js","installations":"https://www.gstatic.com/firebasejs/10.8.0/firebase-installations.js","storage":"https://www.gstatic.com/firebasejs/10.8.0/firebase-storage.js","performance":"https://www.gstatic.com/firebasejs/10.8.0/firebase-performance.js","remote-config":"https://www.gstatic.com/firebasejs/10.8.0/firebase-remote-config.js","messaging":"https://www.gstatic.com/firebasejs/10.8.0/firebase-messaging.js","messaging/sw":"https://www.gstatic.com/firebasejs/10.8.0/firebase-messaging/sw.js","database":"https://www.gstatic.com/firebasejs/10.8.0/firebase-database.js","firestore.memory":"https://www.gstatic.com/firebasejs/10.8.0/firebase-firestore.memory.js"}}
[info] +  Wrote public/index.html 
[info] 
[info] i  Detected a .git folder at D:\tictactalk 
[info] i  Authorizing with GitHub to upload your service account to a GitHub repository's secrets store. 
[info] 
[info] Visit this URL on this device to log in:
[info] https://github.com/login/oauth/authorize?client_id=89cf50f02ac6aaed3484&state=826655176&redirect_uri=http%3A%2F%2Flocalhost%3A9005&scope=read%3Auser%20repo%20public_repo
[info] 
[info] Waiting for authentication...
